[19-Apr-2024 16:31:48 America/New_York] No connection could be made because the target machine actively refused it
2002
C:\xampp\htdocs\I211-Team-Project\app\core\Database.php
26
#0 C:\xampp\htdocs\I211-Team-Project\app\core\Database.php(26): mysqli->__construct('localhost', 'root', Object(SensitiveParameterValue), 'fitness_db')
#1 C:\xampp\htdocs\I211-Team-Project\app\core\Database.php(47): Database->__construct()
#2 C:\xampp\htdocs\I211-Team-Project\app\core\Model.php(17): Database::getInstance()
#3 C:\xampp\htdocs\I211-Team-Project\app\models\ProductModel.php(16): Model->__construct()
#4 C:\xampp\htdocs\I211-Team-Project\app\models\ProductModel.php(24): ProductModel->__construct()
#5 C:\xampp\htdocs\I211-Team-Project\app\controllers\ProductController.php(24): ProductModel::getInstance()
#6 C:\xampp\htdocs\I211-Team-Project\app\core\Controller.php(16): ProductController->loadModel()
#7 C:\xampp\htdocs\I211-Team-Project\app\controllers\ProductController.php(15): Controller->__construct()
#8 C:\xampp\htdocs\I211-Team-Project\app\core\Dispatcher.php(44): ProductController->__construct()
#9 C:\xampp\htdocs\I211-Team-Project\app\core\init.php(22): Dispatcher->dispatch('/I211-Team-Proj...', 'GET')
#10 C:\xampp\htdocs\I211-Team-Project\public\index.php(14): require_once('C:\\xampp\\htdocs...')
#11 {main}
[19-Apr-2024 16:32:07 America/New_York] Unknown column 'meowman' in 'where clause'
1054
C:\xampp\htdocs\I211-Team-Project\app\core\Database.php
62
#0 C:\xampp\htdocs\I211-Team-Project\app\core\Database.php(62): mysqli->query('SELECT * FROM p...')
#1 C:\xampp\htdocs\I211-Team-Project\app\models\ProductModel.php(69): Database->query('SELECT * FROM p...')
#2 C:\xampp\htdocs\I211-Team-Project\app\controllers\ProductController.php(54): ProductModel->fetchByID('meowman')
#3 C:\xampp\htdocs\I211-Team-Project\app\core\Dispatcher.php(47): ProductController->show('meowman')
#4 C:\xampp\htdocs\I211-Team-Project\app\core\init.php(22): Dispatcher->dispatch('/I211-Team-Proj...', 'GET')
#5 C:\xampp\htdocs\I211-Team-Project\public\index.php(14): require_once('C:\\xampp\\htdocs...')
#6 {main}
[19-Apr-2024 16:36:14 America/New_York] Unknown column 'meowman' in 'where clause'
1054
C:\xampp\htdocs\I211-Team-Project\app\core\Database.php
62
#0 C:\xampp\htdocs\I211-Team-Project\app\core\Database.php(62): mysqli->query('SELECT * FROM p...')
#1 C:\xampp\htdocs\I211-Team-Project\app\models\ProductModel.php(69): Database->query('SELECT * FROM p...')
#2 C:\xampp\htdocs\I211-Team-Project\app\controllers\ProductController.php(59): ProductModel->fetchByID('meowman')
#3 C:\xampp\htdocs\I211-Team-Project\app\core\Dispatcher.php(47): ProductController->show('meowman')
#4 C:\xampp\htdocs\I211-Team-Project\app\core\init.php(22): Dispatcher->dispatch('/I211-Team-Proj...', 'GET')
#5 C:\xampp\htdocs\I211-Team-Project\public\index.php(14): require_once('C:\\xampp\\htdocs...')
#6 {main}
[19-Apr-2024 16:38:24 America/New_York] Unknown column 'r' in 'where clause'
1054
C:\xampp\htdocs\I211-Team-Project\app\core\Database.php
62
#0 C:\xampp\htdocs\I211-Team-Project\app\core\Database.php(62): mysqli->query('SELECT * FROM p...')
#1 C:\xampp\htdocs\I211-Team-Project\app\models\ProductModel.php(69): Database->query('SELECT * FROM p...')
#2 C:\xampp\htdocs\I211-Team-Project\app\controllers\ProductController.php(55): ProductModel->fetchByID('r')
#3 C:\xampp\htdocs\I211-Team-Project\app\core\Dispatcher.php(47): ProductController->show('r')
#4 C:\xampp\htdocs\I211-Team-Project\app\core\init.php(22): Dispatcher->dispatch('/I211-Team-Proj...', 'GET')
#5 C:\xampp\htdocs\I211-Team-Project\public\index.php(14): require_once('C:\\xampp\\htdocs...')
#6 {main}
[19-Apr-2024 18:27:00 America/New_York] Too few arguments to function View::header(), 0 passed in C:\xampp\htdocs\I211-Team-Project\app\views\product\index\ProductIndexView.php on line 22 and exactly 1 expected
0
C:\xampp\htdocs\I211-Team-Project\app\views\View.php
21
#0 C:\xampp\htdocs\I211-Team-Project\app\views\product\index\ProductIndexView.php(22): View::header()
#1 C:\xampp\htdocs\I211-Team-Project\app\controllers\ProductController.php(40): ProductIndexView::render(Array)
#2 C:\xampp\htdocs\I211-Team-Project\app\core\Dispatcher.php(47): ProductController->index()
#3 C:\xampp\htdocs\I211-Team-Project\app\core\init.php(22): Dispatcher->dispatch('/I211-Team-Proj...', 'GET')
#4 C:\xampp\htdocs\I211-Team-Project\public\index.php(14): require_once('C:\\xampp\\htdocs...')
#5 {main}
[19-Apr-2024 20:23:12 America/New_York] Cannot assign null to property Product::$rating of type string
0
C:\xampp\htdocs\I211-Team-Project\app\models\ProductModel.php
46
#0 C:\xampp\htdocs\I211-Team-Project\app\models\ProductModel.php(46): mysqli_result->fetch_object('Product')
#1 C:\xampp\htdocs\I211-Team-Project\app\controllers\ProductController.php(37): ProductModel->fetchAll()
#2 C:\xampp\htdocs\I211-Team-Project\app\core\Dispatcher.php(47): ProductController->index()
#3 C:\xampp\htdocs\I211-Team-Project\app\core\init.php(22): Dispatcher->dispatch('/I211-Team-Proj...', 'GET')
#4 C:\xampp\htdocs\I211-Team-Project\public\index.php(14): require_once('C:\\xampp\\htdocs...')
#5 {main}
[19-Apr-2024 20:23:13 America/New_York] Cannot assign null to property Product::$rating of type string
0
C:\xampp\htdocs\I211-Team-Project\app\models\ProductModel.php
46
#0 C:\xampp\htdocs\I211-Team-Project\app\models\ProductModel.php(46): mysqli_result->fetch_object('Product')
#1 C:\xampp\htdocs\I211-Team-Project\app\controllers\ProductController.php(37): ProductModel->fetchAll()
#2 C:\xampp\htdocs\I211-Team-Project\app\core\Dispatcher.php(47): ProductController->index()
#3 C:\xampp\htdocs\I211-Team-Project\app\core\init.php(22): Dispatcher->dispatch('/I211-Team-Proj...', 'GET')
#4 C:\xampp\htdocs\I211-Team-Project\public\index.php(14): require_once('C:\\xampp\\htdocs...')
#5 {main}
[19-Apr-2024 20:23:15 America/New_York] Cannot assign null to property Product::$rating of type string
0
C:\xampp\htdocs\I211-Team-Project\app\models\ProductModel.php
46
#0 C:\xampp\htdocs\I211-Team-Project\app\models\ProductModel.php(46): mysqli_result->fetch_object('Product')
#1 C:\xampp\htdocs\I211-Team-Project\app\controllers\ProductController.php(37): ProductModel->fetchAll()
#2 C:\xampp\htdocs\I211-Team-Project\app\core\Dispatcher.php(47): ProductController->index()
#3 C:\xampp\htdocs\I211-Team-Project\app\core\init.php(22): Dispatcher->dispatch('/I211-Team-Proj...', 'GET')
#4 C:\xampp\htdocs\I211-Team-Project\public\index.php(14): require_once('C:\\xampp\\htdocs...')
#5 {main}
[19-Apr-2024 20:23:15 America/New_York] Cannot assign null to property Product::$rating of type string
0
C:\xampp\htdocs\I211-Team-Project\app\models\ProductModel.php
46
#0 C:\xampp\htdocs\I211-Team-Project\app\models\ProductModel.php(46): mysqli_result->fetch_object('Product')
#1 C:\xampp\htdocs\I211-Team-Project\app\controllers\ProductController.php(37): ProductModel->fetchAll()
#2 C:\xampp\htdocs\I211-Team-Project\app\core\Dispatcher.php(47): ProductController->index()
#3 C:\xampp\htdocs\I211-Team-Project\app\core\init.php(22): Dispatcher->dispatch('/I211-Team-Proj...', 'GET')
#4 C:\xampp\htdocs\I211-Team-Project\public\index.php(14): require_once('C:\\xampp\\htdocs...')
#5 {main}
[19-Apr-2024 20:23:16 America/New_York] Cannot assign null to property Product::$rating of type string
0
C:\xampp\htdocs\I211-Team-Project\app\models\ProductModel.php
46
#0 C:\xampp\htdocs\I211-Team-Project\app\models\ProductModel.php(46): mysqli_result->fetch_object('Product')
#1 C:\xampp\htdocs\I211-Team-Project\app\controllers\ProductController.php(37): ProductModel->fetchAll()
#2 C:\xampp\htdocs\I211-Team-Project\app\core\Dispatcher.php(47): ProductController->index()
#3 C:\xampp\htdocs\I211-Team-Project\app\core\init.php(22): Dispatcher->dispatch('/I211-Team-Proj...', 'GET')
#4 C:\xampp\htdocs\I211-Team-Project\public\index.php(14): require_once('C:\\xampp\\htdocs...')
#5 {main}
[19-Apr-2024 21:43:25 America/New_York] PHP Warning:  Undefined property: Product::$getProductID in C:\xampp\htdocs\I211-Team-Project\app\views\product\index\ProductIndexView.php on line 141
[19-Apr-2024 21:43:25 America/New_York] PHP Warning:  Undefined property: Product::$getProductID in C:\xampp\htdocs\I211-Team-Project\app\views\product\index\ProductIndexView.php on line 141
[19-Apr-2024 21:43:25 America/New_York] PHP Warning:  Undefined property: Product::$getProductID in C:\xampp\htdocs\I211-Team-Project\app\views\product\index\ProductIndexView.php on line 141
[19-Apr-2024 21:43:25 America/New_York] PHP Warning:  Undefined property: Product::$getProductID in C:\xampp\htdocs\I211-Team-Project\app\views\product\index\ProductIndexView.php on line 141
[19-Apr-2024 21:43:25 America/New_York] PHP Warning:  Undefined property: Product::$getProductID in C:\xampp\htdocs\I211-Team-Project\app\views\product\index\ProductIndexView.php on line 141
[19-Apr-2024 21:44:11 America/New_York] PHP Warning:  Undefined property: Product::$getProductID in C:\xampp\htdocs\I211-Team-Project\app\views\product\index\ProductIndexView.php on line 141
[19-Apr-2024 21:44:11 America/New_York] PHP Warning:  Undefined property: Product::$getProductID in C:\xampp\htdocs\I211-Team-Project\app\views\product\index\ProductIndexView.php on line 141
[19-Apr-2024 21:44:11 America/New_York] PHP Warning:  Undefined property: Product::$getProductID in C:\xampp\htdocs\I211-Team-Project\app\views\product\index\ProductIndexView.php on line 141
[19-Apr-2024 21:44:11 America/New_York] PHP Warning:  Undefined property: Product::$getProductID in C:\xampp\htdocs\I211-Team-Project\app\views\product\index\ProductIndexView.php on line 141
[19-Apr-2024 21:44:11 America/New_York] PHP Warning:  Undefined property: Product::$getProductID in C:\xampp\htdocs\I211-Team-Project\app\views\product\index\ProductIndexView.php on line 141
[19-Apr-2024 21:45:06 America/New_York] PHP Warning:  Undefined property: Product::$getProductID in C:\xampp\htdocs\I211-Team-Project\app\views\product\index\ProductIndexView.php on line 141
[19-Apr-2024 21:45:06 America/New_York] PHP Warning:  Undefined property: Product::$getProductID in C:\xampp\htdocs\I211-Team-Project\app\views\product\index\ProductIndexView.php on line 141
[19-Apr-2024 21:45:06 America/New_York] PHP Warning:  Undefined property: Product::$getProductID in C:\xampp\htdocs\I211-Team-Project\app\views\product\index\ProductIndexView.php on line 141
[19-Apr-2024 21:45:06 America/New_York] PHP Warning:  Undefined property: Product::$getProductID in C:\xampp\htdocs\I211-Team-Project\app\views\product\index\ProductIndexView.php on line 141
[19-Apr-2024 21:45:06 America/New_York] PHP Warning:  Undefined property: Product::$getProductID in C:\xampp\htdocs\I211-Team-Project\app\views\product\index\ProductIndexView.php on line 141
[19-Apr-2024 21:45:34 America/New_York] PHP Warning:  Undefined property: Product::$getProductID in C:\xampp\htdocs\I211-Team-Project\app\views\product\index\ProductIndexView.php on line 141
[19-Apr-2024 21:45:34 America/New_York] PHP Warning:  Undefined property: Product::$getProductID in C:\xampp\htdocs\I211-Team-Project\app\views\product\index\ProductIndexView.php on line 141
[19-Apr-2024 21:45:34 America/New_York] PHP Warning:  Undefined property: Product::$getProductID in C:\xampp\htdocs\I211-Team-Project\app\views\product\index\ProductIndexView.php on line 141
[19-Apr-2024 21:45:34 America/New_York] PHP Warning:  Undefined property: Product::$getProductID in C:\xampp\htdocs\I211-Team-Project\app\views\product\index\ProductIndexView.php on line 141
[19-Apr-2024 21:45:34 America/New_York] PHP Warning:  Undefined property: Product::$getProductID in C:\xampp\htdocs\I211-Team-Project\app\views\product\index\ProductIndexView.php on line 141
[19-Apr-2024 21:52:40 America/New_York] Call to undefined method Product::discountPrice()
0
C:\xampp\htdocs\I211-Team-Project\app\views\product\index\ProductIndexView.php
49
#0 C:\xampp\htdocs\I211-Team-Project\app\controllers\ProductController.php(40): ProductIndexView::render(Array)
#1 C:\xampp\htdocs\I211-Team-Project\app\core\Dispatcher.php(47): ProductController->index()
#2 C:\xampp\htdocs\I211-Team-Project\app\core\init.php(22): Dispatcher->dispatch('/I211-Team-Proj...', 'GET')
#3 C:\xampp\htdocs\I211-Team-Project\public\index.php(14): require_once('C:\\xampp\\htdocs...')
#4 {main}
[19-Apr-2024 21:54:26 America/New_York] Call to undefined method Product::getDiscountPrice()
0
C:\xampp\htdocs\I211-Team-Project\app\views\product\index\ProductIndexView.php
49
#0 C:\xampp\htdocs\I211-Team-Project\app\controllers\ProductController.php(40): ProductIndexView::render(Array)
#1 C:\xampp\htdocs\I211-Team-Project\app\core\Dispatcher.php(47): ProductController->index()
#2 C:\xampp\htdocs\I211-Team-Project\app\core\init.php(22): Dispatcher->dispatch('/I211-Team-Proj...', 'GET')
#3 C:\xampp\htdocs\I211-Team-Project\public\index.php(14): require_once('C:\\xampp\\htdocs...')
#4 {main}
[19-Apr-2024 21:54:27 America/New_York] Call to undefined method Product::getDiscountPrice()
0
C:\xampp\htdocs\I211-Team-Project\app\views\product\index\ProductIndexView.php
49
#0 C:\xampp\htdocs\I211-Team-Project\app\controllers\ProductController.php(40): ProductIndexView::render(Array)
#1 C:\xampp\htdocs\I211-Team-Project\app\core\Dispatcher.php(47): ProductController->index()
#2 C:\xampp\htdocs\I211-Team-Project\app\core\init.php(22): Dispatcher->dispatch('/I211-Team-Proj...', 'GET')
#3 C:\xampp\htdocs\I211-Team-Project\public\index.php(14): require_once('C:\\xampp\\htdocs...')
#4 {main}
[19-Apr-2024 21:54:27 America/New_York] Call to undefined method Product::getDiscountPrice()
0
C:\xampp\htdocs\I211-Team-Project\app\views\product\index\ProductIndexView.php
49
#0 C:\xampp\htdocs\I211-Team-Project\app\controllers\ProductController.php(40): ProductIndexView::render(Array)
#1 C:\xampp\htdocs\I211-Team-Project\app\core\Dispatcher.php(47): ProductController->index()
#2 C:\xampp\htdocs\I211-Team-Project\app\core\init.php(22): Dispatcher->dispatch('/I211-Team-Proj...', 'GET')
#3 C:\xampp\htdocs\I211-Team-Project\public\index.php(14): require_once('C:\\xampp\\htdocs...')
#4 {main}
[19-Apr-2024 21:54:40 America/New_York] Call to undefined method Product::getDiscountPrice()
0
C:\xampp\htdocs\I211-Team-Project\app\views\product\index\ProductIndexView.php
49
#0 C:\xampp\htdocs\I211-Team-Project\app\controllers\ProductController.php(40): ProductIndexView::render(Array)
#1 C:\xampp\htdocs\I211-Team-Project\app\core\Dispatcher.php(47): ProductController->index()
#2 C:\xampp\htdocs\I211-Team-Project\app\core\init.php(22): Dispatcher->dispatch('/I211-Team-Proj...', 'GET')
#3 C:\xampp\htdocs\I211-Team-Project\public\index.php(14): require_once('C:\\xampp\\htdocs...')
#4 {main}
[19-Apr-2024 21:55:40 America/New_York] Typed property Product::$discountedPrice must not be accessed before initialization
0
C:\xampp\htdocs\I211-Team-Project\app\models\Product.php
108
#0 C:\xampp\htdocs\I211-Team-Project\app\views\product\index\ProductIndexView.php(49): Product->getDiscountedPrice()
#1 C:\xampp\htdocs\I211-Team-Project\app\controllers\ProductController.php(40): ProductIndexView::render(Array)
#2 C:\xampp\htdocs\I211-Team-Project\app\core\Dispatcher.php(47): ProductController->index()
#3 C:\xampp\htdocs\I211-Team-Project\app\core\init.php(22): Dispatcher->dispatch('/I211-Team-Proj...', 'GET')
#4 C:\xampp\htdocs\I211-Team-Project\public\index.php(14): require_once('C:\\xampp\\htdocs...')
#5 {main}
[19-Apr-2024 21:55:41 America/New_York] Typed property Product::$discountedPrice must not be accessed before initialization
0
C:\xampp\htdocs\I211-Team-Project\app\models\Product.php
108
#0 C:\xampp\htdocs\I211-Team-Project\app\views\product\index\ProductIndexView.php(49): Product->getDiscountedPrice()
#1 C:\xampp\htdocs\I211-Team-Project\app\controllers\ProductController.php(40): ProductIndexView::render(Array)
#2 C:\xampp\htdocs\I211-Team-Project\app\core\Dispatcher.php(47): ProductController->index()
#3 C:\xampp\htdocs\I211-Team-Project\app\core\init.php(22): Dispatcher->dispatch('/I211-Team-Proj...', 'GET')
#4 C:\xampp\htdocs\I211-Team-Project\public\index.php(14): require_once('C:\\xampp\\htdocs...')
#5 {main}
[19-Apr-2024 21:55:48 America/New_York] Typed property Product::$discountedPrice must not be accessed before initialization
0
C:\xampp\htdocs\I211-Team-Project\app\models\Product.php
108
#0 C:\xampp\htdocs\I211-Team-Project\app\views\product\index\ProductIndexView.php(49): Product->getDiscountedPrice()
#1 C:\xampp\htdocs\I211-Team-Project\app\controllers\ProductController.php(40): ProductIndexView::render(Array)
#2 C:\xampp\htdocs\I211-Team-Project\app\core\Dispatcher.php(47): ProductController->index()
#3 C:\xampp\htdocs\I211-Team-Project\app\core\init.php(22): Dispatcher->dispatch('/I211-Team-Proj...', 'GET')
#4 C:\xampp\htdocs\I211-Team-Project\public\index.php(14): require_once('C:\\xampp\\htdocs...')
#5 {main}
[19-Apr-2024 22:02:02 America/New_York] Typed property Product::$discountedPrice must not be accessed before initialization
0
C:\xampp\htdocs\I211-Team-Project\app\models\Product.php
108
#0 C:\xampp\htdocs\I211-Team-Project\app\views\product\index\ProductIndexView.php(50): Product->getDiscountedPrice()
#1 C:\xampp\htdocs\I211-Team-Project\app\controllers\ProductController.php(40): ProductIndexView::render(Array)
#2 C:\xampp\htdocs\I211-Team-Project\app\core\Dispatcher.php(47): ProductController->index()
#3 C:\xampp\htdocs\I211-Team-Project\app\core\init.php(22): Dispatcher->dispatch('/I211-Team-Proj...', 'GET')
#4 C:\xampp\htdocs\I211-Team-Project\public\index.php(14): require_once('C:\\xampp\\htdocs...')
#5 {main}
[19-Apr-2024 22:04:40 America/New_York] syntax error, unexpected token ";", expecting variable or "{" or "$"
0
C:\xampp\htdocs\I211-Team-Project\app\views\product\index\ProductIndexView.php
35
#0 C:\xampp\htdocs\I211-Team-Project\vendor\composer\ClassLoader.php(427): Composer\Autoload\{closure}('C:\\xampp\\htdocs...')
#1 C:\xampp\htdocs\I211-Team-Project\app\controllers\ProductController.php(40): Composer\Autoload\ClassLoader->loadClass('ProductIndexVie...')
#2 C:\xampp\htdocs\I211-Team-Project\app\core\Dispatcher.php(47): ProductController->index()
#3 C:\xampp\htdocs\I211-Team-Project\app\core\init.php(22): Dispatcher->dispatch('/I211-Team-Proj...', 'GET')
#4 C:\xampp\htdocs\I211-Team-Project\public\index.php(14): require_once('C:\\xampp\\htdocs...')
#5 {main}
[19-Apr-2024 22:04:41 America/New_York] syntax error, unexpected token ";", expecting variable or "{" or "$"
0
C:\xampp\htdocs\I211-Team-Project\app\views\product\index\ProductIndexView.php
35
#0 C:\xampp\htdocs\I211-Team-Project\vendor\composer\ClassLoader.php(427): Composer\Autoload\{closure}('C:\\xampp\\htdocs...')
#1 C:\xampp\htdocs\I211-Team-Project\app\controllers\ProductController.php(40): Composer\Autoload\ClassLoader->loadClass('ProductIndexVie...')
#2 C:\xampp\htdocs\I211-Team-Project\app\core\Dispatcher.php(47): ProductController->index()
#3 C:\xampp\htdocs\I211-Team-Project\app\core\init.php(22): Dispatcher->dispatch('/I211-Team-Proj...', 'GET')
#4 C:\xampp\htdocs\I211-Team-Project\public\index.php(14): require_once('C:\\xampp\\htdocs...')
#5 {main}
[19-Apr-2024 22:06:04 America/New_York] Typed property Product::$discountedPrice must not be accessed before initialization
0
C:\xampp\htdocs\I211-Team-Project\app\models\Product.php
108
#0 C:\xampp\htdocs\I211-Team-Project\app\views\product\index\ProductIndexView.php(52): Product->getDiscountedPrice()
#1 C:\xampp\htdocs\I211-Team-Project\app\controllers\ProductController.php(40): ProductIndexView::render(Array)
#2 C:\xampp\htdocs\I211-Team-Project\app\core\Dispatcher.php(47): ProductController->index()
#3 C:\xampp\htdocs\I211-Team-Project\app\core\init.php(22): Dispatcher->dispatch('/I211-Team-Proj...', 'GET')
#4 C:\xampp\htdocs\I211-Team-Project\public\index.php(14): require_once('C:\\xampp\\htdocs...')
#5 {main}
[19-Apr-2024 22:10:41 America/New_York] Call to undefined method Product::getDiscountPrice()
0
C:\xampp\htdocs\I211-Team-Project\app\views\product\index\ProductIndexView.php
49
#0 C:\xampp\htdocs\I211-Team-Project\app\controllers\ProductController.php(40): ProductIndexView::render(Array)
#1 C:\xampp\htdocs\I211-Team-Project\app\core\Dispatcher.php(47): ProductController->index()
#2 C:\xampp\htdocs\I211-Team-Project\app\core\init.php(22): Dispatcher->dispatch('/I211-Team-Proj...', 'GET')
#3 C:\xampp\htdocs\I211-Team-Project\public\index.php(14): require_once('C:\\xampp\\htdocs...')
#4 {main}
[19-Apr-2024 22:28:35 America/New_York] Unsupported operand types: string * string
0
C:\xampp\htdocs\I211-Team-Project\app\views\product\index\ProductIndexView.php
54
#0 C:\xampp\htdocs\I211-Team-Project\app\controllers\ProductController.php(40): ProductIndexView::render(Array)
#1 C:\xampp\htdocs\I211-Team-Project\app\core\Dispatcher.php(47): ProductController->index()
#2 C:\xampp\htdocs\I211-Team-Project\app\core\init.php(22): Dispatcher->dispatch('/I211-Team-Proj...', 'GET')
#3 C:\xampp\htdocs\I211-Team-Project\public\index.php(14): require_once('C:\\xampp\\htdocs...')
#4 {main}
[19-Apr-2024 22:30:49 America/New_York] Unsupported operand types: string * string
0
C:\xampp\htdocs\I211-Team-Project\app\views\product\index\ProductIndexView.php
55
#0 C:\xampp\htdocs\I211-Team-Project\app\controllers\ProductController.php(40): ProductIndexView::render(Array)
#1 C:\xampp\htdocs\I211-Team-Project\app\core\Dispatcher.php(47): ProductController->index()
#2 C:\xampp\htdocs\I211-Team-Project\app\core\init.php(22): Dispatcher->dispatch('/I211-Team-Proj...', 'GET')
#3 C:\xampp\htdocs\I211-Team-Project\public\index.php(14): require_once('C:\\xampp\\htdocs...')
#4 {main}
[19-Apr-2024 22:30:50 America/New_York] Unsupported operand types: string * string
0
C:\xampp\htdocs\I211-Team-Project\app\views\product\index\ProductIndexView.php
55
#0 C:\xampp\htdocs\I211-Team-Project\app\controllers\ProductController.php(40): ProductIndexView::render(Array)
#1 C:\xampp\htdocs\I211-Team-Project\app\core\Dispatcher.php(47): ProductController->index()
#2 C:\xampp\htdocs\I211-Team-Project\app\core\init.php(22): Dispatcher->dispatch('/I211-Team-Proj...', 'GET')
#3 C:\xampp\htdocs\I211-Team-Project\public\index.php(14): require_once('C:\\xampp\\htdocs...')
#4 {main}
[19-Apr-2024 22:30:50 America/New_York] Unsupported operand types: string * string
0
C:\xampp\htdocs\I211-Team-Project\app\views\product\index\ProductIndexView.php
55
#0 C:\xampp\htdocs\I211-Team-Project\app\controllers\ProductController.php(40): ProductIndexView::render(Array)
#1 C:\xampp\htdocs\I211-Team-Project\app\core\Dispatcher.php(47): ProductController->index()
#2 C:\xampp\htdocs\I211-Team-Project\app\core\init.php(22): Dispatcher->dispatch('/I211-Team-Proj...', 'GET')
#3 C:\xampp\htdocs\I211-Team-Project\public\index.php(14): require_once('C:\\xampp\\htdocs...')
#4 {main}
[19-Apr-2024 22:30:55 America/New_York] Unsupported operand types: string * string
0
C:\xampp\htdocs\I211-Team-Project\app\views\product\index\ProductIndexView.php
55
#0 C:\xampp\htdocs\I211-Team-Project\app\controllers\ProductController.php(40): ProductIndexView::render(Array)
#1 C:\xampp\htdocs\I211-Team-Project\app\core\Dispatcher.php(47): ProductController->index()
#2 C:\xampp\htdocs\I211-Team-Project\app\core\init.php(22): Dispatcher->dispatch('/I211-Team-Proj...', 'GET')
#3 C:\xampp\htdocs\I211-Team-Project\public\index.php(14): require_once('C:\\xampp\\htdocs...')
#4 {main}
[19-Apr-2024 22:31:22 America/New_York] Unsupported operand types: bool * string
0
C:\xampp\htdocs\I211-Team-Project\app\views\product\index\ProductIndexView.php
55
#0 C:\xampp\htdocs\I211-Team-Project\app\controllers\ProductController.php(40): ProductIndexView::render(Array)
#1 C:\xampp\htdocs\I211-Team-Project\app\core\Dispatcher.php(47): ProductController->index()
#2 C:\xampp\htdocs\I211-Team-Project\app\core\init.php(22): Dispatcher->dispatch('/I211-Team-Proj...', 'GET')
#3 C:\xampp\htdocs\I211-Team-Project\public\index.php(14): require_once('C:\\xampp\\htdocs...')
#4 {main}
[19-Apr-2024 22:31:22 America/New_York] Unsupported operand types: bool * string
0
C:\xampp\htdocs\I211-Team-Project\app\views\product\index\ProductIndexView.php
55
#0 C:\xampp\htdocs\I211-Team-Project\app\controllers\ProductController.php(40): ProductIndexView::render(Array)
#1 C:\xampp\htdocs\I211-Team-Project\app\core\Dispatcher.php(47): ProductController->index()
#2 C:\xampp\htdocs\I211-Team-Project\app\core\init.php(22): Dispatcher->dispatch('/I211-Team-Proj...', 'GET')
#3 C:\xampp\htdocs\I211-Team-Project\public\index.php(14): require_once('C:\\xampp\\htdocs...')
#4 {main}
[19-Apr-2024 22:31:22 America/New_York] Unsupported operand types: bool * string
0
C:\xampp\htdocs\I211-Team-Project\app\views\product\index\ProductIndexView.php
55
#0 C:\xampp\htdocs\I211-Team-Project\app\controllers\ProductController.php(40): ProductIndexView::render(Array)
#1 C:\xampp\htdocs\I211-Team-Project\app\core\Dispatcher.php(47): ProductController->index()
#2 C:\xampp\htdocs\I211-Team-Project\app\core\init.php(22): Dispatcher->dispatch('/I211-Team-Proj...', 'GET')
#3 C:\xampp\htdocs\I211-Team-Project\public\index.php(14): require_once('C:\\xampp\\htdocs...')
#4 {main}
[19-Apr-2024 22:31:57 America/New_York] Unsupported operand types: bool * string
0
C:\xampp\htdocs\I211-Team-Project\app\views\product\index\ProductIndexView.php
55
#0 C:\xampp\htdocs\I211-Team-Project\app\controllers\ProductController.php(40): ProductIndexView::render(Array)
#1 C:\xampp\htdocs\I211-Team-Project\app\core\Dispatcher.php(47): ProductController->index()
#2 C:\xampp\htdocs\I211-Team-Project\app\core\init.php(22): Dispatcher->dispatch('/I211-Team-Proj...', 'GET')
#3 C:\xampp\htdocs\I211-Team-Project\public\index.php(14): require_once('C:\\xampp\\htdocs...')
#4 {main}
[19-Apr-2024 22:33:32 America/New_York] Unsupported operand types: int * string
0
C:\xampp\htdocs\I211-Team-Project\app\views\product\index\ProductIndexView.php
55
#0 C:\xampp\htdocs\I211-Team-Project\app\controllers\ProductController.php(40): ProductIndexView::render(Array)
#1 C:\xampp\htdocs\I211-Team-Project\app\core\Dispatcher.php(47): ProductController->index()
#2 C:\xampp\htdocs\I211-Team-Project\app\core\init.php(22): Dispatcher->dispatch('/I211-Team-Proj...', 'GET')
#3 C:\xampp\htdocs\I211-Team-Project\public\index.php(14): require_once('C:\\xampp\\htdocs...')
#4 {main}
[19-Apr-2024 22:33:33 America/New_York] Unsupported operand types: int * string
0
C:\xampp\htdocs\I211-Team-Project\app\views\product\index\ProductIndexView.php
55
#0 C:\xampp\htdocs\I211-Team-Project\app\controllers\ProductController.php(40): ProductIndexView::render(Array)
#1 C:\xampp\htdocs\I211-Team-Project\app\core\Dispatcher.php(47): ProductController->index()
#2 C:\xampp\htdocs\I211-Team-Project\app\core\init.php(22): Dispatcher->dispatch('/I211-Team-Proj...', 'GET')
#3 C:\xampp\htdocs\I211-Team-Project\public\index.php(14): require_once('C:\\xampp\\htdocs...')
#4 {main}
