[19-Apr-2024 16:31:48 America/New_York] No connection could be made because the target machine actively refused it
2002
C:\xampp\htdocs\I211-Team-Project\app\core\Database.php
26
#0 C:\xampp\htdocs\I211-Team-Project\app\core\Database.php(26): mysqli->__construct('localhost', 'root', Object(SensitiveParameterValue), 'fitness_db')
#1 C:\xampp\htdocs\I211-Team-Project\app\core\Database.php(47): Database->__construct()
#2 C:\xampp\htdocs\I211-Team-Project\app\core\Model.php(17): Database::getInstance()
#3 C:\xampp\htdocs\I211-Team-Project\app\models\ProductModel.php(16): Model->__construct()
#4 C:\xampp\htdocs\I211-Team-Project\app\models\ProductModel.php(24): ProductModel->__construct()
#5 C:\xampp\htdocs\I211-Team-Project\app\controllers\ProductController.php(24): ProductModel::getInstance()
#6 C:\xampp\htdocs\I211-Team-Project\app\core\Controller.php(16): ProductController->loadModel()
#7 C:\xampp\htdocs\I211-Team-Project\app\controllers\ProductController.php(15): Controller->__construct()
#8 C:\xampp\htdocs\I211-Team-Project\app\core\Dispatcher.php(44): ProductController->__construct()
#9 C:\xampp\htdocs\I211-Team-Project\app\core\init.php(22): Dispatcher->dispatch('/I211-Team-Proj...', 'GET')
#10 C:\xampp\htdocs\I211-Team-Project\public\index.php(14): require_once('C:\\xampp\\htdocs...')
#11 {main}
[19-Apr-2024 16:32:07 America/New_York] Unknown column 'meowman' in 'where clause'
1054
C:\xampp\htdocs\I211-Team-Project\app\core\Database.php
62
#0 C:\xampp\htdocs\I211-Team-Project\app\core\Database.php(62): mysqli->query('SELECT * FROM p...')
#1 C:\xampp\htdocs\I211-Team-Project\app\models\ProductModel.php(69): Database->query('SELECT * FROM p...')
#2 C:\xampp\htdocs\I211-Team-Project\app\controllers\ProductController.php(54): ProductModel->fetchByID('meowman')
#3 C:\xampp\htdocs\I211-Team-Project\app\core\Dispatcher.php(47): ProductController->show('meowman')
#4 C:\xampp\htdocs\I211-Team-Project\app\core\init.php(22): Dispatcher->dispatch('/I211-Team-Proj...', 'GET')
#5 C:\xampp\htdocs\I211-Team-Project\public\index.php(14): require_once('C:\\xampp\\htdocs...')
#6 {main}
[19-Apr-2024 16:36:14 America/New_York] Unknown column 'meowman' in 'where clause'
1054
C:\xampp\htdocs\I211-Team-Project\app\core\Database.php
62
#0 C:\xampp\htdocs\I211-Team-Project\app\core\Database.php(62): mysqli->query('SELECT * FROM p...')
#1 C:\xampp\htdocs\I211-Team-Project\app\models\ProductModel.php(69): Database->query('SELECT * FROM p...')
#2 C:\xampp\htdocs\I211-Team-Project\app\controllers\ProductController.php(59): ProductModel->fetchByID('meowman')
#3 C:\xampp\htdocs\I211-Team-Project\app\core\Dispatcher.php(47): ProductController->show('meowman')
#4 C:\xampp\htdocs\I211-Team-Project\app\core\init.php(22): Dispatcher->dispatch('/I211-Team-Proj...', 'GET')
#5 C:\xampp\htdocs\I211-Team-Project\public\index.php(14): require_once('C:\\xampp\\htdocs...')
#6 {main}
[19-Apr-2024 16:38:24 America/New_York] Unknown column 'r' in 'where clause'
1054
C:\xampp\htdocs\I211-Team-Project\app\core\Database.php
62
#0 C:\xampp\htdocs\I211-Team-Project\app\core\Database.php(62): mysqli->query('SELECT * FROM p...')
#1 C:\xampp\htdocs\I211-Team-Project\app\models\ProductModel.php(69): Database->query('SELECT * FROM p...')
#2 C:\xampp\htdocs\I211-Team-Project\app\controllers\ProductController.php(55): ProductModel->fetchByID('r')
#3 C:\xampp\htdocs\I211-Team-Project\app\core\Dispatcher.php(47): ProductController->show('r')
#4 C:\xampp\htdocs\I211-Team-Project\app\core\init.php(22): Dispatcher->dispatch('/I211-Team-Proj...', 'GET')
#5 C:\xampp\htdocs\I211-Team-Project\public\index.php(14): require_once('C:\\xampp\\htdocs...')
#6 {main}
[19-Apr-2024 18:27:00 America/New_York] Too few arguments to function View::header(), 0 passed in C:\xampp\htdocs\I211-Team-Project\app\views\product\index\ProductIndexView.php on line 22 and exactly 1 expected
0
C:\xampp\htdocs\I211-Team-Project\app\views\View.php
21
#0 C:\xampp\htdocs\I211-Team-Project\app\views\product\index\ProductIndexView.php(22): View::header()
#1 C:\xampp\htdocs\I211-Team-Project\app\controllers\ProductController.php(40): ProductIndexView::render(Array)
#2 C:\xampp\htdocs\I211-Team-Project\app\core\Dispatcher.php(47): ProductController->index()
#3 C:\xampp\htdocs\I211-Team-Project\app\core\init.php(22): Dispatcher->dispatch('/I211-Team-Proj...', 'GET')
#4 C:\xampp\htdocs\I211-Team-Project\public\index.php(14): require_once('C:\\xampp\\htdocs...')
#5 {main}
